<?xml version="1.0" encoding="UTF-8"?>
<!-- Generated by org.testng.reporters.JUnitReportReporter -->
<testsuite hostname="PuKhoanXy" name="webdriver_10_TestNG.TestNG_Parameters" tests="4" failures="0" timestamp="2 Oct 2017 16:08:50 GMT" time="54.170" errors="0">
  <testcase name="DataProvider_2" time="14.528" classname="webdriver_10_TestNG.TestNG_Parameters"/>
  <testcase name="DataProvider_1" time="13.129" classname="webdriver_10_TestNG.TestNG_Parameters"/>
  <testcase name="DataProvider_2" time="12.960" classname="webdriver_10_TestNG.TestNG_Parameters"/>
  <testcase name="DataProvider_1" time="13.553" classname="webdriver_10_TestNG.TestNG_Parameters"/>
</testsuite> <!-- webdriver_10_TestNG.TestNG_Parameters -->
