<?xml version="1.0" encoding="UTF-8"?>
<!-- Generated by org.testng.reporters.JUnitReportReporter -->
<testsuite hostname="PuKhoanXy" name="webdriver_10_TestNG.TestNG_Annotation_02" tests="4" failures="0" timestamp="2 Oct 2017 06:10:57 GMT" time="0.022" errors="0">
  <testcase name="testCase1" time="0.004" classname="webdriver_10_TestNG.TestNG_Annotation_02"/>
  <testcase name="testCase4" time="0.001" classname="webdriver_10_TestNG.TestNG_Annotation_02"/>
  <testcase name="testCase6" time="0.016" classname="webdriver_10_TestNG.TestNG_Annotation_02"/>
  <testcase name="testCase8" time="0.001" classname="webdriver_10_TestNG.TestNG_Annotation_02"/>
</testsuite> <!-- webdriver_10_TestNG.TestNG_Annotation_02 -->
