<?xml version="1.0" encoding="UTF-8"?>
<!-- Generated by org.testng.reporters.JUnitReportReporter -->
<testsuite hostname="PuKhoanXy" name="webdriver_10_TestNG.TestNG_MultiBrowsers" tests="3" failures="0" timestamp="2 Oct 2017 17:12:38 GMT" time="79.013" errors="0">
  <testcase name="Test1" time="25.788" classname="webdriver_10_TestNG.TestNG_MultiBrowsers"/>
  <testcase name="Test1" time="19.862" classname="webdriver_10_TestNG.TestNG_MultiBrowsers"/>
  <testcase name="Test1" time="33.363" classname="webdriver_10_TestNG.TestNG_MultiBrowsers"/>
</testsuite> <!-- webdriver_10_TestNG.TestNG_MultiBrowsers -->
